# JRE version: OpenJDK Runtime Environment Temurin-17.0.5+8 (17.0.5+8) (build 17.0.5+8)
# Java VM: OpenJDK 64-Bit Server VM Temurin-17.0.5+8 (17.0.5+8, mixed mode, emulated-client, tiered, compressed oops, compressed class ptrs, g1 gc, windows-amd64)
GC Precious Log:
 CPUs: 4 total, 4 available
 Memory: 4000M
 Large Page Support: Disabled
 NUMA Support: Disabled
 Compressed Oops: Enabled (32-bit)
 Heap Region Size: 1M
 Heap Min Capacity: 8M
 Heap Initial Capacity: 64M
 Heap Max Capacity: 1002M
 Pre-touch: Disabled
 Parallel Workers: 4
 Concurrent Workers: 1
 Concurrent Refinement Workers: 4
 Periodic GC: Disabled
Heap:
 garbage-first heap   total 541696K, used 395190K [0x00000000c1600000, 0x0000000100000000)
  region size 1024K, 107 young (109568K), 16 survivors (16384K)
 Metaspace       used 59624K, committed 60032K, reserved 1105920K
  class space    used 7560K, committed 7744K, reserved 1048576K
GC Heap History (20 events):
Event: 103.149 GC heap before
{Heap before GC invocations=45 (full 0):
 garbage-first heap   total 402432K, used 336122K [0x00000000c1600000, 0x0000000100000000)
  region size 1024K, 101 young (103424K), 12 survivors (12288K)
 Metaspace       used 58640K, committed 59136K, reserved 1105920K
  class space    used 7416K, committed 7680K, reserved 1048576K
}
Event: 103.253 GC heap after
{Heap after GC invocations=46 (full 0):
 garbage-first heap   total 402432K, used 256512K [0x00000000c1600000, 0x0000000100000000)
  region size 1024K, 11 young (11264K), 11 survivors (11264K)
 Metaspace       used 58640K, committed 59136K, reserved 1105920K
  class space    used 7416K, committed 7680K, reserved 1048576K
}
Event: 111.452 GC heap before
{Heap before GC invocations=46 (full 0):
 garbage-first heap   total 452608K, used 336384K [0x00000000c1600000, 0x0000000100000000)
  region size 1024K, 91 young (93184K), 11 survivors (11264K)
 Metaspace       used 58696K, committed 59200K, reserved 1105920K
  class space    used 7423K, committed 7680K, reserved 1048576K
}
Event: 111.681 GC heap after
{Heap after GC invocations=47 (full 0):
 garbage-first heap   total 541696K, used 261619K [0x00000000c1600000, 0x0000000100000000)
  region size 1024K, 6 young (6144K), 6 survivors (6144K)
 Metaspace       used 58696K, committed 59200K, reserved 1105920K
  class space    used 7423K, committed 7680K, reserved 1048576K
}
Event: 131.006 GC heap before
{Heap before GC invocations=47 (full 0):
 garbage-first heap   total 541696K, used 437747K [0x00000000c1600000, 0x0000000100000000)
  region size 1024K, 173 young (177152K), 6 survivors (6144K)
 Metaspace       used 59034K, committed 59520K, reserved 1105920K
  class space    used 7469K, committed 7680K, reserved 1048576K
}
Event: 131.210 GC heap after
{Heap after GC invocations=48 (full 0):
 garbage-first heap   total 541696K, used 276863K [0x00000000c1600000, 0x0000000100000000)
  region size 1024K, 17 young (17408K), 17 survivors (17408K)
 Metaspace       used 59034K, committed 59520K, reserved 1105920K
  class space    used 7469K, committed 7680K, reserved 1048576K
}
Event: 132.645 GC heap before
{Heap before GC invocations=48 (full 0):
 garbage-first heap   total 541696K, used 349567K [0x00000000c1600000, 0x0000000100000000)
  region size 1024K, 89 young (91136K), 17 survivors (17408K)
 Metaspace       used 59034K, committed 59520K, reserved 1105920K
  class space    used 7469K, committed 7680K, reserved 1048576K
}
Event: 132.849 GC heap after
{Heap after GC invocations=49 (full 0):
 garbage-first heap   total 541696K, used 284010K [0x00000000c1600000, 0x0000000100000000)
  region size 1024K, 10 young (10240K), 10 survivors (10240K)
 Metaspace       used 59034K, committed 59520K, reserved 1105920K
  class space    used 7469K, committed 7680K, reserved 1048576K
}
Event: 137.838 GC heap before
{Heap before GC invocations=50 (full 0):
 garbage-first heap   total 541696K, used 440682K [0x00000000c1600000, 0x0000000100000000)
  region size 1024K, 164 young (167936K), 10 survivors (10240K)
 Metaspace       used 59579K, committed 59968K, reserved 1105920K
  class space    used 7552K, committed 7744K, reserved 1048576K
}
Event: 137.892 GC heap after
{Heap after GC invocations=51 (full 0):
 garbage-first heap   total 541696K, used 299008K [0x00000000c1600000, 0x0000000100000000)
  region size 1024K, 21 young (21504K), 21 survivors (21504K)
 Metaspace       used 59579K, committed 59968K, reserved 1105920K
  class space    used 7552K, committed 7744K, reserved 1048576K
}
Event: 138.126 GC heap before
{Heap before GC invocations=51 (full 0):
 garbage-first heap   total 541696K, used 303104K [0x00000000c1600000, 0x0000000100000000)
  region size 1024K, 26 young (26624K), 21 survivors (21504K)
 Metaspace       used 59579K, committed 59968K, reserved 1105920K
  class space    used 7552K, committed 7744K, reserved 1048576K
}
Event: 138.503 GC heap after
{Heap after GC invocations=52 (full 0):
 garbage-first heap   total 541696K, used 298466K [0x00000000c1600000, 0x0000000100000000)
  region size 1024K, 2 young (2048K), 2 survivors (2048K)
 Metaspace       used 59579K, committed 59968K, reserved 1105920K
  class space    used 7552K, committed 7744K, reserved 1048576K
}
Event: 139.582 GC heap before
{Heap before GC invocations=52 (full 0):
 garbage-first heap   total 541696K, used 312802K [0x00000000c1600000, 0x0000000100000000)
  region size 1024K, 18 young (18432K), 2 survivors (2048K)
 Metaspace       used 59582K, committed 59968K, reserved 1105920K
  class space    used 7553K, committed 7744K, reserved 1048576K
}
Event: 152.877 GC heap after
{Heap after GC invocations=53 (full 1):
 garbage-first heap   total 541696K, used 278249K [0x00000000c1600000, 0x0000000100000000)
  region size 1024K, 0 young (0K), 0 survivors (0K)
 Metaspace       used 59575K, committed 59968K, reserved 1105920K
  class space    used 7551K, committed 7744K, reserved 1048576K
}
Event: 157.814 GC heap before
{Heap before GC invocations=53 (full 1):
 garbage-first heap   total 541696K, used 414441K [0x00000000c1600000, 0x0000000100000000)
  region size 1024K, 134 young (137216K), 0 survivors (0K)
 Metaspace       used 59576K, committed 59968K, reserved 1105920K
  class space    used 7551K, committed 7744K, reserved 1048576K
}
Event: 157.843 GC heap after
{Heap after GC invocations=54 (full 1):
 garbage-first heap   total 541696K, used 286405K [0x00000000c1600000, 0x0000000100000000)
  region size 1024K, 8 young (8192K), 8 survivors (8192K)
 Metaspace       used 59576K, committed 59968K, reserved 1105920K
  class space    used 7551K, committed 7744K, reserved 1048576K
}
Event: 162.281 GC heap before
{Heap before GC invocations=54 (full 1):
 garbage-first heap   total 541696K, used 418501K [0x00000000c1600000, 0x0000000100000000)
  region size 1024K, 139 young (142336K), 8 survivors (8192K)
 Metaspace       used 59624K, committed 60032K, reserved 1105920K
  class space    used 7560K, committed 7744K, reserved 1048576K
}
Event: 162.362 GC heap after
{Heap after GC invocations=55 (full 1):
 garbage-first heap   total 541696K, used 292585K [0x00000000c1600000, 0x0000000100000000)
  region size 1024K, 14 young (14336K), 14 survivors (14336K)
 Metaspace       used 59624K, committed 60032K, reserved 1105920K
  class space    used 7560K, committed 7744K, reserved 1048576K
}
Event: 166.040 GC heap before
{Heap before GC invocations=55 (full 1):
 garbage-first heap   total 541696K, used 451305K [0x00000000c1600000, 0x0000000100000000)
  region size 1024K, 167 young (171008K), 14 survivors (14336K)
 Metaspace       used 59624K, committed 60032K, reserved 1105920K
  class space    used 7560K, committed 7744K, reserved 1048576K
}
Event: 166.116 GC heap after
{Heap after GC invocations=56 (full 1):
 garbage-first heap   total 541696K, used 304054K [0x00000000c1600000, 0x0000000100000000)
  region size 1024K, 16 young (16384K), 16 survivors (16384K)
 Metaspace       used 59624K, committed 60032K, reserved 1105920K
  class space    used 7560K, committed 7744K, reserved 1048576K
}

