# JRE version: OpenJDK Runtime Environment Temurin-17.0.5+8 (17.0.5+8) (build 17.0.5+8)
# Java VM: OpenJDK 64-Bit Server VM Temurin-17.0.5+8 (17.0.5+8, mixed mode, emulated-client, tiered, compressed oops, compressed class ptrs, g1 gc, windows-amd64)
GC Precious Log:
 CPUs: 4 total, 4 available
 Memory: 4000M
 Large Page Support: Disabled
 NUMA Support: Disabled
 Compressed Oops: Enabled (32-bit)
 Heap Region Size: 1M
 Heap Min Capacity: 8M
 Heap Initial Capacity: 64M
 Heap Max Capacity: 1002M
 Pre-touch: Disabled
 Parallel Workers: 4
 Concurrent Workers: 1
 Concurrent Refinement Workers: 4
 Periodic GC: Disabled
Heap:
 garbage-first heap   total 616448K, used 240228K [0x00000000c1600000, 0x0000000100000000)
  region size 1024K, 15 young (15360K), 15 survivors (15360K)
 Metaspace       used 66941K, committed 67456K, reserved 1114112K
  class space    used 8979K, committed 9216K, reserved 1048576K
GC Heap History (20 events):
Event: 126.505 GC heap after
{Heap after GC invocations=40 (full 0):
 garbage-first heap   total 428032K, used 273920K [0x00000000c1600000, 0x0000000100000000)
  region size 1024K, 12 young (12288K), 12 survivors (12288K)
 Metaspace       used 58815K, committed 59264K, reserved 1105920K
  class space    used 7454K, committed 7680K, reserved 1048576K
}
Event: 126.939 GC heap before
{Heap before GC invocations=40 (full 0):
 garbage-first heap   total 428032K, used 357888K [0x00000000c1600000, 0x0000000100000000)
  region size 1024K, 95 young (97280K), 12 survivors (12288K)
 Metaspace       used 59145K, committed 59584K, reserved 1105920K
  class space    used 7489K, committed 7744K, reserved 1048576K
}
Event: 127.007 GC heap after
{Heap after GC invocations=41 (full 0):
 garbage-first heap   total 428032K, used 281600K [0x00000000c1600000, 0x0000000100000000)
  region size 1024K, 8 young (8192K), 8 survivors (8192K)
 Metaspace       used 59145K, committed 59584K, reserved 1105920K
  class space    used 7489K, committed 7744K, reserved 1048576K
}
Event: 127.545 GC heap before
{Heap before GC invocations=41 (full 0):
 garbage-first heap   total 428032K, used 367616K [0x00000000c1600000, 0x0000000100000000)
  region size 1024K, 87 young (89088K), 8 survivors (8192K)
 Metaspace       used 59145K, committed 59584K, reserved 1105920K
  class space    used 7489K, committed 7744K, reserved 1048576K
}
Event: 127.582 GC heap after
{Heap after GC invocations=42 (full 0):
 garbage-first heap   total 547840K, used 295248K [0x00000000c1600000, 0x0000000100000000)
  region size 1024K, 11 young (11264K), 11 survivors (11264K)
 Metaspace       used 59145K, committed 59584K, reserved 1105920K
  class space    used 7489K, committed 7744K, reserved 1048576K
}
Event: 129.527 GC heap before
{Heap before GC invocations=42 (full 0):
 garbage-first heap   total 547840K, used 448848K [0x00000000c1600000, 0x0000000100000000)
  region size 1024K, 162 young (165888K), 11 survivors (11264K)
 Metaspace       used 59693K, committed 60160K, reserved 1105920K
  class space    used 7569K, committed 7808K, reserved 1048576K
}
Event: 129.570 GC heap after
{Heap after GC invocations=43 (full 0):
 garbage-first heap   total 547840K, used 311715K [0x00000000c1600000, 0x0000000100000000)
  region size 1024K, 21 young (21504K), 21 survivors (21504K)
 Metaspace       used 59693K, committed 60160K, reserved 1105920K
  class space    used 7569K, committed 7808K, reserved 1048576K
}
Event: 131.584 GC heap before
{Heap before GC invocations=43 (full 0):
 garbage-first heap   total 616448K, used 446883K [0x00000000c1600000, 0x0000000100000000)
  region size 1024K, 153 young (156672K), 21 survivors (21504K)
 Metaspace       used 59693K, committed 60160K, reserved 1105920K
  class space    used 7569K, committed 7808K, reserved 1048576K
}
Event: 131.666 GC heap after
{Heap after GC invocations=44 (full 0):
 garbage-first heap   total 616448K, used 321872K [0x00000000c1600000, 0x0000000100000000)
  region size 1024K, 9 young (9216K), 9 survivors (9216K)
 Metaspace       used 59693K, committed 60160K, reserved 1105920K
  class space    used 7569K, committed 7808K, reserved 1048576K
}
Event: 133.201 GC heap before
{Heap before GC invocations=44 (full 0):
 garbage-first heap   total 616448K, used 507216K [0x00000000c1600000, 0x0000000100000000)
  region size 1024K, 191 young (195584K), 9 survivors (9216K)
 Metaspace       used 59693K, committed 60160K, reserved 1105920K
  class space    used 7569K, committed 7808K, reserved 1048576K
}
Event: 133.227 GC heap after
{Heap after GC invocations=45 (full 0):
 garbage-first heap   total 616448K, used 330561K [0x00000000c1600000, 0x0000000100000000)
  region size 1024K, 17 young (17408K), 17 survivors (17408K)
 Metaspace       used 59693K, committed 60160K, reserved 1105920K
  class space    used 7569K, committed 7808K, reserved 1048576K
}
Event: 138.228 GC heap before
{Heap before GC invocations=46 (full 0):
 garbage-first heap   total 616448K, used 513857K [0x00000000c1600000, 0x0000000100000000)
  region size 1024K, 196 young (200704K), 17 survivors (17408K)
 Metaspace       used 65159K, committed 65664K, reserved 1105920K
  class space    used 8710K, committed 8960K, reserved 1048576K
}
Event: 138.489 GC heap after
{Heap after GC invocations=47 (full 0):
 garbage-first heap   total 616448K, used 366805K [0x00000000c1600000, 0x0000000100000000)
  region size 1024K, 25 young (25600K), 25 survivors (25600K)
 Metaspace       used 65159K, committed 65664K, reserved 1105920K
  class space    used 8710K, committed 8960K, reserved 1048576K
}
Event: 138.584 GC heap before
{Heap before GC invocations=47 (full 0):
 garbage-first heap   total 616448K, used 370901K [0x00000000c1600000, 0x0000000100000000)
  region size 1024K, 30 young (30720K), 25 survivors (25600K)
 Metaspace       used 65159K, committed 65664K, reserved 1105920K
  class space    used 8710K, committed 8960K, reserved 1048576K
}
Event: 138.699 GC heap after
{Heap after GC invocations=48 (full 0):
 garbage-first heap   total 616448K, used 365056K [0x00000000c1600000, 0x0000000100000000)
  region size 1024K, 2 young (2048K), 2 survivors (2048K)
 Metaspace       used 65159K, committed 65664K, reserved 1105920K
  class space    used 8710K, committed 8960K, reserved 1048576K
}
Event: 141.757 GC heap before
{Heap before GC invocations=48 (full 0):
 garbage-first heap   total 616448K, used 484864K [0x00000000c1600000, 0x0000000100000000)
  region size 1024K, 119 young (121856K), 2 survivors (2048K)
 Metaspace       used 66752K, committed 67200K, reserved 1114112K
  class space    used 8936K, committed 9152K, reserved 1048576K
}
Event: 141.877 GC heap after
{Heap after GC invocations=49 (full 0):
 garbage-first heap   total 616448K, used 376279K [0x00000000c1600000, 0x0000000100000000)
  region size 1024K, 13 young (13312K), 13 survivors (13312K)
 Metaspace       used 66752K, committed 67200K, reserved 1114112K
  class space    used 8936K, committed 9152K, reserved 1048576K
}
Event: 145.086 GC heap before
{Heap before GC invocations=49 (full 0):
 garbage-first heap   total 616448K, used 328151K [0x00000000c1600000, 0x0000000100000000)
  region size 1024K, 127 young (130048K), 13 survivors (13312K)
 Metaspace       used 66941K, committed 67456K, reserved 1114112K
  class space    used 8979K, committed 9216K, reserved 1048576K
}
Event: 145.235 GC heap after
{Heap after GC invocations=50 (full 0):
 garbage-first heap   total 616448K, used 222208K [0x00000000c1600000, 0x0000000100000000)
  region size 1024K, 16 young (16384K), 16 survivors (16384K)
 Metaspace       used 66941K, committed 67456K, reserved 1114112K
  class space    used 8979K, committed 9216K, reserved 1048576K
}
Event: 145.906 GC heap before
{Heap before GC invocations=50 (full 0):
 garbage-first heap   total 616448K, used 329728K [0x00000000c1600000, 0x0000000100000000)
  region size 1024K, 116 young (118784K), 16 survivors (16384K)
 Metaspace       used 66941K, committed 67456K, reserved 1114112K
  class space    used 8979K, committed 9216K, reserved 1048576K
}

