# JRE version: OpenJDK Runtime Environment Temurin-17.0.5+8 (17.0.5+8) (build 17.0.5+8)
# Java VM: OpenJDK 64-Bit Server VM Temurin-17.0.5+8 (17.0.5+8, mixed mode, emulated-client, tiered, compressed oops, compressed class ptrs, g1 gc, windows-amd64)
GC Precious Log:
 CPUs: 4 total, 4 available
 Memory: 4000M
 Large Page Support: Disabled
 NUMA Support: Disabled
 Compressed Oops: Enabled (32-bit)
 Heap Region Size: 1M
 Heap Min Capacity: 8M
 Heap Initial Capacity: 64M
 Heap Max Capacity: 1002M
 Pre-touch: Disabled
 Parallel Workers: 4
 Concurrent Workers: 1
 Concurrent Refinement Workers: 4
 Periodic GC: Disabled
Heap:
 garbage-first heap   total 222208K, used 66058K [0x00000000c1600000, 0x0000000100000000)
  region size 1024K, 1 young (1024K), 0 survivors (0K)
 Metaspace       used 67479K, committed 67968K, reserved 1114112K
  class space    used 9074K, committed 9280K, reserved 1048576K
GC Heap History (20 events):
Event: 4875.190 GC heap before
{Heap before GC invocations=524 (full 431):
 garbage-first heap   total 222208K, used 66058K [0x00000000c1600000, 0x0000000100000000)
  region size 1024K, 1 young (1024K), 0 survivors (0K)
 Metaspace       used 67479K, committed 67968K, reserved 1114112K
  class space    used 9074K, committed 9280K, reserved 1048576K
}
Event: 4875.270 GC heap after
{Heap after GC invocations=525 (full 432):
 garbage-first heap   total 222208K, used 66058K [0x00000000c1600000, 0x0000000100000000)
  region size 1024K, 0 young (0K), 0 survivors (0K)
 Metaspace       used 67479K, committed 67968K, reserved 1114112K
  class space    used 9074K, committed 9280K, reserved 1048576K
}
Event: 4885.535 GC heap before
{Heap before GC invocations=525 (full 432):
 garbage-first heap   total 222208K, used 66058K [0x00000000c1600000, 0x0000000100000000)
  region size 1024K, 1 young (1024K), 0 survivors (0K)
 Metaspace       used 67479K, committed 67968K, reserved 1114112K
  class space    used 9074K, committed 9280K, reserved 1048576K
}
Event: 4885.622 GC heap after
{Heap after GC invocations=526 (full 433):
 garbage-first heap   total 222208K, used 66058K [0x00000000c1600000, 0x0000000100000000)
  region size 1024K, 0 young (0K), 0 survivors (0K)
 Metaspace       used 67479K, committed 67968K, reserved 1114112K
  class space    used 9074K, committed 9280K, reserved 1048576K
}
Event: 4896.254 GC heap before
{Heap before GC invocations=526 (full 433):
 garbage-first heap   total 222208K, used 66058K [0x00000000c1600000, 0x0000000100000000)
  region size 1024K, 1 young (1024K), 0 survivors (0K)
 Metaspace       used 67479K, committed 67968K, reserved 1114112K
  class space    used 9074K, committed 9280K, reserved 1048576K
}
Event: 4896.342 GC heap after
{Heap after GC invocations=527 (full 434):
 garbage-first heap   total 222208K, used 66058K [0x00000000c1600000, 0x0000000100000000)
  region size 1024K, 0 young (0K), 0 survivors (0K)
 Metaspace       used 67479K, committed 67968K, reserved 1114112K
  class space    used 9074K, committed 9280K, reserved 1048576K
}
Event: 4906.577 GC heap before
{Heap before GC invocations=527 (full 434):
 garbage-first heap   total 222208K, used 66058K [0x00000000c1600000, 0x0000000100000000)
  region size 1024K, 1 young (1024K), 0 survivors (0K)
 Metaspace       used 67479K, committed 67968K, reserved 1114112K
  class space    used 9074K, committed 9280K, reserved 1048576K
}
Event: 4906.665 GC heap after
{Heap after GC invocations=528 (full 435):
 garbage-first heap   total 222208K, used 66058K [0x00000000c1600000, 0x0000000100000000)
  region size 1024K, 0 young (0K), 0 survivors (0K)
 Metaspace       used 67479K, committed 67968K, reserved 1114112K
  class space    used 9074K, committed 9280K, reserved 1048576K
}
Event: 4917.421 GC heap before
{Heap before GC invocations=528 (full 435):
 garbage-first heap   total 222208K, used 66058K [0x00000000c1600000, 0x0000000100000000)
  region size 1024K, 1 young (1024K), 0 survivors (0K)
 Metaspace       used 67479K, committed 67968K, reserved 1114112K
  class space    used 9074K, committed 9280K, reserved 1048576K
}
Event: 4917.522 GC heap after
{Heap after GC invocations=529 (full 436):
 garbage-first heap   total 222208K, used 66058K [0x00000000c1600000, 0x0000000100000000)
  region size 1024K, 0 young (0K), 0 survivors (0K)
 Metaspace       used 67479K, committed 67968K, reserved 1114112K
  class space    used 9074K, committed 9280K, reserved 1048576K
}
Event: 4927.793 GC heap before
{Heap before GC invocations=529 (full 436):
 garbage-first heap   total 222208K, used 66058K [0x00000000c1600000, 0x0000000100000000)
  region size 1024K, 1 young (1024K), 0 survivors (0K)
 Metaspace       used 67479K, committed 67968K, reserved 1114112K
  class space    used 9074K, committed 9280K, reserved 1048576K
}
Event: 4927.871 GC heap after
{Heap after GC invocations=530 (full 437):
 garbage-first heap   total 222208K, used 66058K [0x00000000c1600000, 0x0000000100000000)
  region size 1024K, 0 young (0K), 0 survivors (0K)
 Metaspace       used 67479K, committed 67968K, reserved 1114112K
  class space    used 9074K, committed 9280K, reserved 1048576K
}
Event: 4938.427 GC heap before
{Heap before GC invocations=530 (full 437):
 garbage-first heap   total 222208K, used 66058K [0x00000000c1600000, 0x0000000100000000)
  region size 1024K, 1 young (1024K), 0 survivors (0K)
 Metaspace       used 67479K, committed 67968K, reserved 1114112K
  class space    used 9074K, committed 9280K, reserved 1048576K
}
Event: 4938.520 GC heap after
{Heap after GC invocations=531 (full 438):
 garbage-first heap   total 222208K, used 66058K [0x00000000c1600000, 0x0000000100000000)
  region size 1024K, 0 young (0K), 0 survivors (0K)
 Metaspace       used 67479K, committed 67968K, reserved 1114112K
  class space    used 9074K, committed 9280K, reserved 1048576K
}
Event: 4949.772 GC heap before
{Heap before GC invocations=531 (full 438):
 garbage-first heap   total 222208K, used 66058K [0x00000000c1600000, 0x0000000100000000)
  region size 1024K, 1 young (1024K), 0 survivors (0K)
 Metaspace       used 67479K, committed 67968K, reserved 1114112K
  class space    used 9074K, committed 9280K, reserved 1048576K
}
Event: 4949.872 GC heap after
{Heap after GC invocations=532 (full 439):
 garbage-first heap   total 222208K, used 66058K [0x00000000c1600000, 0x0000000100000000)
  region size 1024K, 0 young (0K), 0 survivors (0K)
 Metaspace       used 67479K, committed 67968K, reserved 1114112K
  class space    used 9074K, committed 9280K, reserved 1048576K
}
Event: 4960.709 GC heap before
{Heap before GC invocations=532 (full 439):
 garbage-first heap   total 222208K, used 66058K [0x00000000c1600000, 0x0000000100000000)
  region size 1024K, 1 young (1024K), 0 survivors (0K)
 Metaspace       used 67479K, committed 67968K, reserved 1114112K
  class space    used 9074K, committed 9280K, reserved 1048576K
}
Event: 4960.837 GC heap after
{Heap after GC invocations=533 (full 440):
 garbage-first heap   total 222208K, used 66058K [0x00000000c1600000, 0x0000000100000000)
  region size 1024K, 0 young (0K), 0 survivors (0K)
 Metaspace       used 67479K, committed 67968K, reserved 1114112K
  class space    used 9074K, committed 9280K, reserved 1048576K
}
Event: 4971.826 GC heap before
{Heap before GC invocations=533 (full 440):
 garbage-first heap   total 222208K, used 66058K [0x00000000c1600000, 0x0000000100000000)
  region size 1024K, 1 young (1024K), 0 survivors (0K)
 Metaspace       used 67479K, committed 67968K, reserved 1114112K
  class space    used 9074K, committed 9280K, reserved 1048576K
}
Event: 4971.921 GC heap after
{Heap after GC invocations=534 (full 441):
 garbage-first heap   total 222208K, used 66058K [0x00000000c1600000, 0x0000000100000000)
  region size 1024K, 0 young (0K), 0 survivors (0K)
 Metaspace       used 67479K, committed 67968K, reserved 1114112K
  class space    used 9074K, committed 9280K, reserved 1048576K
}

